[governance] code_fingerprint=e98a0246dfa6a1e6e8f622c5e9fd72426e302519133cbd73a1e166c8d2e1c79c
Start Hybrid NSGA-II Optimization...
Step 0: Calculating heuristic bounds...
  > ULS Req: 20000 mm2
  > SLS Req (D22): 25000 mm2
  > Base Area: 25000 mm2
  > Valid Range: [20000, 37500] mm2
  > Generation 0/200, Front[0] size: 200
  > Generation 10/200, Front[0] size: 200
  > Generation 20/200, Front[0] size: 200
  > Generation 30/200, Front[0] size: 200
  > Generation 40/200, Front[0] size: 200
  > Generation 50/200, Front[0] size: 200
  > Generation 60/200, Front[0] size: 200
  > Generation 70/200, Front[0] size: 200
  > Generation 80/200, Front[0] size: 200
  > Generation 90/200, Front[0] size: 200
  > Generation 100/200, Front[0] size: 200
  > Generation 110/200, Front[0] size: 200
  > Generation 120/200, Front[0] size: 200
  > Generation 130/200, Front[0] size: 200
  > Generation 140/200, Front[0] size: 200
  > Generation 150/200, Front[0] size: 200
  > Generation 160/200, Front[0] size: 200
  > Generation 170/200, Front[0] size: 200
  > Generation 180/200, Front[0] size: 200
  > Generation 190/200, Front[0] size: 200
Start Hybrid NSGA-II Optimization...
Step 0: Calculating heuristic bounds...
  > ULS Req: 20000 mm2
  > SLS Req (D22): 25000 mm2
  > Base Area: 25000 mm2
  > Valid Range: [20000, 37500] mm2
  > Generation 0/200, Front[0] size: 200
  > Generation 10/200, Front[0] size: 200
  > Generation 20/200, Front[0] size: 200
  > Generation 30/200, Front[0] size: 200
  > Generation 40/200, Front[0] size: 200
  > Generation 50/200, Front[0] size: 200
  > Generation 60/200, Front[0] size: 200
  > Generation 70/200, Front[0] size: 200
  > Generation 80/200, Front[0] size: 200
  > Generation 90/200, Front[0] size: 200
  > Generation 100/200, Front[0] size: 200
  > Generation 110/200, Front[0] size: 200
  > Generation 120/200, Front[0] size: 200
  > Generation 130/200, Front[0] size: 200
  > Generation 140/200, Front[0] size: 200
  > Generation 150/200, Front[0] size: 200
  > Generation 160/200, Front[0] size: 200
  > Generation 170/200, Front[0] size: 200
  > Generation 180/200, Front[0] size: 200
  > Generation 190/200, Front[0] size: 200
Start Hybrid NSGA-II Optimization...
Step 0: Calculating heuristic bounds...
  > ULS Req: 20000 mm2
  > SLS Req (D22): 25000 mm2
  > Base Area: 25000 mm2
  > Valid Range: [20000, 37500] mm2
  > Generation 0/200, Front[0] size: 200
  > Generation 10/200, Front[0] size: 200
  > Generation 20/200, Front[0] size: 200
  > Generation 30/200, Front[0] size: 200
  > Generation 40/200, Front[0] size: 200
  > Generation 50/200, Front[0] size: 200
  > Generation 60/200, Front[0] size: 200
  > Generation 70/200, Front[0] size: 200
  > Generation 80/200, Front[0] size: 200
  > Generation 90/200, Front[0] size: 200
  > Generation 100/200, Front[0] size: 200
  > Generation 110/200, Front[0] size: 200
  > Generation 120/200, Front[0] size: 200
  > Generation 130/200, Front[0] size: 200
  > Generation 140/200, Front[0] size: 200
  > Generation 150/200, Front[0] size: 200
  > Generation 160/200, Front[0] size: 200
  > Generation 170/200, Front[0] size: 200
  > Generation 180/200, Front[0] size: 200
  > Generation 190/200, Front[0] size: 200

=== Symmetric Design Summary ===
A1: no solution
A2: no solution
A3: no solution
B1: no solution
B2: no solution
C1: no solution
C2: no solution

Type Representative Blocks:
  A: A3
  B: B2
  C: C2

Report: report_with_shear.md
Report CSV: report_with_shear.csv
