
 PRINT ELEMENT TABLE ITEMS PER ELEMENT
 
  ***** POST1 ELEMENT TABLE LISTING *****                                      
 
    STAT     MIXED        MIXED        MIXED   
    ELEM     WJI          ZLI          JLI     
    1785  0.13443E+006 -1709.1      0.83803     
    1786  0.13489E+006 -1708.2       5.5800     
    1787  0.13626E+006 -1706.2       10.894     
    1788  0.13863E+006 -1703.3       16.335     
    1789  0.14205E+006 -1700.0       21.478     
    1790  0.14644E+006 -1696.4       26.086     
    1791  0.15172E+006 -1692.9       30.003     
    1792  0.15774E+006 -1689.3       33.074     
    1793  0.16434E+006 -1685.8       35.147     
    1794  0.17134E+006 -1682.3       36.066     
    1795  0.17852E+006 -1678.8       35.669     
    1796  0.18562E+006 -1675.3       33.781     
    1797  0.19236E+006 -1672.0       30.217     
    1798  0.19842E+006 -1668.6       24.776     
    1799  0.20344E+006 -1665.4       17.244     
    1800  0.20702E+006 -1662.2       7.3920     
    1801  0.20873E+006 -1659.1      -5.0213     
    1802  0.20807E+006 -1656.1      -20.249     
    1803  0.20451E+006 -1653.2      -38.547     
    1804  0.19746E+006 -1650.4      -60.171     
    1805  0.18628E+006 -1647.8      -85.356     
    1806  0.17030E+006 -1645.2      -114.30     
    1807  0.14881E+006 -1642.6      -147.10     
    1808  0.12106E+006 -1639.3      -183.58     
    1809   86361.      -1633.6      -222.63     
    1810   44215.      -1623.3      -264.77     
    1811  -5965.2      -1619.5      -270.55     
    1812  -43376.      -1622.4      -242.73     
    1813  -77815.      -1622.9      -215.44     
    1814 -0.10918E+006 -1621.1      -187.23     
    1815 -0.13713E+006 -1617.7      -158.47     
    1816 -0.16140E+006 -1613.0      -129.59     
    1817 -0.18174E+006 -1607.4      -100.67     
    1818 -0.19793E+006 -1601.1      -71.633     
    1819 -0.20970E+006 -1594.1      -42.275     
    1820 -0.21677E+006 -1586.6      -12.287     
    1821 -0.21876E+006 -1578.8       18.721     
    1822 -0.21522E+006 -1570.9       51.165     
    1823 -0.20558E+006 -1563.2       85.342     
    1824 -0.18920E+006 -1556.4       121.30     
    1825 -0.16538E+006 -1550.7       159.76     
 
  ***** POST1 ELEMENT TABLE LISTING *****                                      
 
    STAT     MIXED        MIXED        MIXED   
    ELEM     WJI          ZLI          JLI     
    1826 -0.13323E+006 -1548.6       170.97     
    1827  -93478.      -1547.4       147.68     
    1828  -60560.      -1542.3       123.88     
    1829  -34089.      -1536.4       100.48     
    1830  -13503.      -1530.9       78.539     
    1831   1925.1      -1526.0       58.165     
    1832   12883.      -1521.6       39.372     
    1833   19998.      -1517.7       22.111     
    1834   23836.      -1514.3       6.2949     
    1835   24894.      -1511.3      -8.1787     
    1836   23609.      -1508.7      -21.390     
    1837   20366.      -1506.4      -33.425     
    1838   15501.      -1504.1      -44.678     
    1839   7099.8      -1501.0      -57.960     
    1840  -3805.7      -1497.6      -70.008     
    1841  -16984.      -1493.8      -80.967     
    1842  -32229.      -1489.5      -90.801     
    1843  -49331.      -1484.7      -99.447     
    1844  -68065.      -1479.4      -106.85     
    1845  -88199.      -1473.5      -112.94     
    1846 -0.10949E+006 -1467.1      -117.65     
    1847 -0.13166E+006 -1460.1      -120.87     
    1848 -0.15446E+006 -1452.7      -122.49     
    1849 -0.17756E+006 -1444.7      -122.37     
    1850 -0.20065E+006 -1436.3      -120.34     
    1851 -0.22337E+006 -1427.4      -116.24     
    1852 -0.24532E+006 -1418.0      -109.84     
    1853 -0.26607E+006 -1408.3      -100.95     
    1854 -0.28517E+006 -1398.2      -89.283     
    1855 -0.30207E+006 -1387.7      -74.528     
    1856 -0.31621E+006 -1376.4      -56.700     
    1857 -0.32701E+006 -1363.6      -36.800     
    1858 -0.33407E+006 -1349.4      -16.506     
    1859     -337329. -1334.2       3.0252     
    1860 -0.33692E+006 -1318.6       21.510     
    1861 -0.33304E+006 -1302.7       38.977     
    1862 -0.32589E+006 -1286.3       55.410     
    1863     -315656. -1269.7       70.773     
    1864 -0.30254E+006 -1252.8       85.038     
    1865 -0.28675E+006 -1235.6       98.181     
    1866 -0.26849E+006 -1218.3       110.18     
 
  ***** POST1 ELEMENT TABLE LISTING *****                                      
 
    STAT     MIXED        MIXED        MIXED   
    ELEM     WJI          ZLI          JLI     
    1867 -0.24799E+006 -1200.9       121.03     
    1868 -0.22545E+006 -1183.4       130.71     
    1869 -0.20109E+006 -1165.8       139.21     
    1870 -0.17515E+006 -1148.3       146.53     
    1871 -0.14783E+006 -1130.9       152.68     
    1872 -0.11936E+006 -1113.7       157.65     
    1873  -89968.      -1096.7       161.45     
    1874  -59862.      -1079.9       164.10     
    1875  -29262.      -1063.4       165.62     
    1876   1618.6      -1047.3       166.02     
    1877   32570.      -1031.6       165.32     
    1878   63387.      -1016.4       163.57     
    1879   93870.      -1001.7       160.78     
    1880  0.12383E+006 -987.52       156.99     
    1881  0.15307E+006 -973.98       152.25     
    1882  0.18141E+006 -961.09       146.60     
    1883  0.20869E+006 -948.89       140.07     
    1884  0.23474E+006 -937.43       132.72     
    1885  0.25941E+006 -926.74       124.61     
    1886  0.28255E+006 -916.85       115.78     
    1887  0.30403E+006 -907.80       106.29     
    1888  0.32372E+006 -899.62       96.197     
    1889  0.34151E+006 -892.33       85.568     
    1890  0.35731E+006 -885.96       74.465     
    1891  0.37102E+006 -880.53       62.950     
    1892  0.38256E+006 -876.05       51.090     
    1893  0.39187E+006 -872.54       38.952     
    1894  0.39890E+006 -870.02       26.606     
    1895  0.40360E+006 -868.48       14.118     
    1896  0.40597E+006 -867.94       1.5601     
    1897  0.40597E+006 -868.40      -10.999     
    1898  0.40360E+006 -869.85      -23.490     
    1899  0.39890E+006 -872.29      -35.842     
    1900  0.39187E+006 -875.72      -47.988     
    1901  0.38256E+006 -880.11      -59.858     
    1902  0.37102E+006 -885.46      -71.385     
    1903  0.35731E+006 -891.75      -82.503     
    1904  0.34151E+006 -898.96      -93.148     
    1905  0.32372E+006 -907.06      -103.26     
    1906  0.30403E+006 -916.03      -112.77     
    1907  0.28255E+006 -925.83      -121.62     
 
  ***** POST1 ELEMENT TABLE LISTING *****                                      
 
    STAT     MIXED        MIXED        MIXED   
    ELEM     WJI          ZLI          JLI     
    1908  0.25941E+006 -936.44      -129.76     
    1909  0.23474E+006 -947.83      -137.14     
    1910  0.20869E+006 -959.94      -143.69     
    1911  0.18141E+006 -972.75      -149.38     
    1912  0.15307E+006 -986.22      -154.16     
    1913  0.12383E+006 -1000.3      -157.98     
    1914   93870.      -1014.9      -160.80     
    1915   63387.      -1030.1      -162.60     
    1916   32570.      -1045.7      -163.33     
    1917   1618.6      -1061.7      -162.98     
    1918  -29262.      -1078.1      -161.51     
    1919  -59862.      -1094.8      -158.91     
    1920  -89968.      -1111.8      -155.15     
    1921 -0.11936E+006 -1129.0      -150.23     
    1922 -0.14783E+006 -1146.3      -144.14     
    1923 -0.17515E+006 -1163.8      -136.88     
    1924 -0.20109E+006 -1181.2      -128.43     
    1925 -0.22545E+006 -1198.7      -118.81     
    1926 -0.24799E+006 -1216.1      -108.02     
    1927 -0.26849E+006 -1233.3      -96.081     
    1928 -0.28675E+006 -1250.4      -83.000     
    1929 -0.30254E+006 -1267.3      -68.799     
    1930 -0.31566E+006 -1283.9      -53.502     
    1931 -0.32589E+006 -1300.1      -37.136     
    1932 -0.33304E+006 -1316.0      -19.738     
    1933 -0.33692E+006 -1331.6      -1.3223     
    1934     -337329. -1346.7       18.138     
    1935 -0.33407E+006 -1360.9       38.360     
    1936 -0.32701E+006 -1373.7       58.187     
    1937 -0.31621E+006 -1384.9       75.941     
    1938 -0.30207E+006 -1395.4       90.620     
    1939 -0.28517E+006 -1405.4       102.21     
    1940 -0.26607E+006 -1415.2       111.03     
    1941 -0.24532E+006 -1424.5       117.34     
    1942 -0.22337E+006 -1433.3       121.37     
    1943 -0.20065E+006 -1441.8       123.32     
    1944 -0.17756E+006 -1449.7       123.36     
    1945 -0.15446E+006 -1457.1       121.66     
    1946 -0.13166E+006 -1464.0       118.36     
    1947 -0.10949E+006 -1470.4       113.57     
    1948  -88199.      -1476.3       107.39     
 
  ***** POST1 ELEMENT TABLE LISTING *****                                      
 
    STAT     MIXED        MIXED        MIXED   
    ELEM     WJI          ZLI          JLI     
    1949  -68065.      -1481.6       99.906     
    1950  -49331.      -1486.4       91.177     
    1951  -32229.      -1490.7       81.260     
    1952  -16984.      -1494.5       70.217     
    1953  -3805.7      -1497.9       58.085     
    1954   7099.8      -1500.9       44.720     
    1955   15501.      -1504.0       33.397     
    1956   20366.      -1506.2       21.308     
    1957   23609.      -1508.7       8.0353     
    1958   24894.      -1511.6      -6.5073     
    1959   23836.      -1514.9      -22.401     
    1960   19998.      -1518.6      -39.749     
    1961   12883.      -1522.9      -58.639     
    1962   1925.1      -1527.7      -79.120     
    1963  -13503.      -1533.1      -101.18     
    1964  -34089.      -1538.9      -124.71     
    1965  -60560.      -1543.9      -148.66     
    1966  -93478.      -1544.9      -172.11     
    1967 -0.13323E+006 -1547.6      -160.93     
    1968 -0.16538E+006 -1553.4      -122.67     
    1969 -0.18920E+006 -1560.5      -86.886     
    1970 -0.20558E+006 -1568.3      -52.861     
    1971 -0.21522E+006 -1576.4      -20.546     
    1972 -0.21876E+006 -1584.4       10.353     
    1973 -0.21677E+006 -1592.1       40.251     
    1974 -0.20970E+006 -1599.3       69.539     
    1975 -0.19793E+006 -1605.8       98.521     
    1976 -0.18174E+006 -1611.5       127.40     
    1977 -0.16140E+006 -1616.4       156.26     
    1978 -0.13713E+006 -1620.0       185.00     
    1979 -0.10918E+006 -1621.9       213.21     
    1980  -77815.      -1621.6       240.51     
    1981  -43376.      -1618.8       268.35     
    1982  -5965.3      -1622.5       261.71     
    1983   44215.      -1632.8       219.56     
    1984   86361.      -1638.5       180.51     
    1985  0.12106E+006 -1641.9       144.02     
    1986  0.14881E+006 -1644.5       111.21     
    1987  0.17030E+006 -1647.1       82.262     
    1988  0.18628E+006 -1649.8       57.071     
    1989  0.19746E+006 -1652.6       35.441     
 
  ***** POST1 ELEMENT TABLE LISTING *****                                      
 
    STAT     MIXED        MIXED        MIXED   
    ELEM     WJI          ZLI          JLI     
    1990  0.20451E+006 -1655.5       17.136     
    1991  0.20807E+006 -1658.5       1.9030     
    1992  0.20873E+006 -1661.7      -10.516     
    1993  0.20702E+006 -1664.9      -20.373     
    1994  0.20344E+006 -1668.2      -27.910     
    1995  0.19842E+006 -1671.6      -33.355     
    1996  0.19236E+006 -1675.0      -36.923     
    1997  0.18562E+006 -1678.4      -38.815     
    1998  0.17852E+006 -1682.0      -39.216     
    1999  0.17134E+006 -1685.5      -38.299     
    2000  0.16434E+006 -1689.1      -36.229     
    2001  0.15774E+006 -1692.7      -33.160     
    2002  0.15172E+006 -1696.3      -29.245     
    2003  0.14644E+006 -1699.8      -24.639     
    2004  0.14205E+006 -1703.2      -19.497     
    2005  0.13863E+006 -1706.1      -14.057     
    2006  0.13626E+006 -1708.1      -8.7442     
    2007  0.13489E+006 -1709.0      -4.0026     

 MINIMUM VALUES
 ELEM       1859         1785         1811
 VALUE  -0.33733E+006 -1709.1      -270.55     

 MAXIMUM VALUES
 ELEM       1896         1896         1981
 VALUE   0.40597E+006 -867.94       268.35     

